{"D:\\arlet\\Downloads\\greenbite\\frontend\\src\\components\\SubscriptionCard.jsx": {"path":"D:\\arlet\\Downloads\\greenbite\\frontend\\src\\components\\SubscriptionCard.jsx","statementMap":{"0":{"start":{"line":10,"column":2},"end":{"line":10,"column":65}},"1":{"start":{"line":10,"column":21},"end":{"line":10,"column":65}},"2":{"start":{"line":12,"column":22},"end":{"line":16,"column":3}},"3":{"start":{"line":18,"column":2},"end":{"line":47,"column":4}},"4":{"start":{"line":33,"column":27},"end":{"line":33,"column":51}},"5":{"start":{"line":40,"column":25},"end":{"line":40,"column":50}}},"fnMap":{"0":{"name":"SubscriptionCard","decl":{"start":{"line":9,"column":16},"end":{"line":9,"column":32}},"loc":{"start":{"line":9,"column":70},"end":{"line":48,"column":1}},"line":9},"1":{"name":"(anonymous_1)","decl":{"start":{"line":33,"column":21},"end":{"line":33,"column":22}},"loc":{"start":{"line":33,"column":27},"end":{"line":33,"column":51}},"line":33},"2":{"name":"(anonymous_2)","decl":{"start":{"line":40,"column":19},"end":{"line":40,"column":20}},"loc":{"start":{"line":40,"column":25},"end":{"line":40,"column":50}},"line":40}},"branchMap":{"0":{"loc":{"start":{"line":10,"column":2},"end":{"line":10,"column":65}},"type":"if","locations":[{"start":{"line":10,"column":2},"end":{"line":10,"column":65}},{"start":{},"end":{}}],"line":10},"1":{"loc":{"start":{"line":23,"column":30},"end":{"line":23,"column":72}},"type":"binary-expr","locations":[{"start":{"line":23,"column":30},"end":{"line":23,"column":62}},{"start":{"line":23,"column":66},"end":{"line":23,"column":72}}],"line":23},"2":{"loc":{"start":{"line":31,"column":9},"end":{"line":38,"column":9}},"type":"binary-expr","locations":[{"start":{"line":31,"column":9},"end":{"line":31,"column":41}},{"start":{"line":32,"column":10},"end":{"line":37,"column":19}}],"line":31}},"s":{"0":3,"1":1,"2":2,"3":2,"4":1,"5":0},"f":{"0":3,"1":1,"2":0},"b":{"0":[1,2],"1":[2,0],"2":[2,2]},"_coverageSchema":"1a1c01bbd47fc00a2c39e90264f33305004495a9","hash":"a92d52e4bd8013216c5af70780b8073ffa620942"}
,"D:\\arlet\\Downloads\\greenbite\\frontend\\src\\components\\SubscriptionContainer.jsx": {"path":"D:\\arlet\\Downloads\\greenbite\\frontend\\src\\components\\SubscriptionContainer.jsx","statementMap":{"0":{"start":{"line":13,"column":20},"end":{"line":13,"column":35}},"1":{"start":{"line":14,"column":82},"end":{"line":16,"column":3}},"2":{"start":{"line":18,"column":2},"end":{"line":18,"column":66}},"3":{"start":{"line":18,"column":30},"end":{"line":18,"column":66}},"4":{"start":{"line":19,"column":2},"end":{"line":19,"column":53}},"5":{"start":{"line":19,"column":15},"end":{"line":19,"column":53}},"6":{"start":{"line":20,"column":2},"end":{"line":20,"column":67}},"7":{"start":{"line":20,"column":13},"end":{"line":20,"column":67}},"8":{"start":{"line":22,"column":2},"end":{"line":28,"column":4}}},"fnMap":{"0":{"name":"SubscriptionContainer","decl":{"start":{"line":12,"column":16},"end":{"line":12,"column":37}},"loc":{"start":{"line":12,"column":40},"end":{"line":29,"column":1}},"line":12}},"branchMap":{"0":{"loc":{"start":{"line":18,"column":2},"end":{"line":18,"column":66}},"type":"if","locations":[{"start":{"line":18,"column":2},"end":{"line":18,"column":66}},{"start":{},"end":{}}],"line":18},"1":{"loc":{"start":{"line":19,"column":2},"end":{"line":19,"column":53}},"type":"if","locations":[{"start":{"line":19,"column":2},"end":{"line":19,"column":53}},{"start":{},"end":{}}],"line":19},"2":{"loc":{"start":{"line":20,"column":2},"end":{"line":20,"column":67}},"type":"if","locations":[{"start":{"line":20,"column":2},"end":{"line":20,"column":67}},{"start":{},"end":{}}],"line":20}},"s":{"0":0,"1":0,"2":0,"3":0,"4":0,"5":0,"6":0,"7":0,"8":0},"f":{"0":0},"b":{"0":[0,0],"1":[0,0],"2":[0,0]}}
,"D:\\arlet\\Downloads\\greenbite\\frontend\\src\\context\\AppContext.jsx": {"path":"D:\\arlet\\Downloads\\greenbite\\frontend\\src\\context\\AppContext.jsx","statementMap":{"0":{"start":{"line":11,"column":21},"end":{"line":16,"column":1}},"1":{"start":{"line":19,"column":2},"end":{"line":32,"column":3}},"2":{"start":{"line":21,"column":6},"end":{"line":21,"column":71}},"3":{"start":{"line":23,"column":6},"end":{"line":23,"column":33}},"4":{"start":{"line":25,"column":6},"end":{"line":25,"column":55}},"5":{"start":{"line":27,"column":6},"end":{"line":27,"column":83}},"6":{"start":{"line":29,"column":6},"end":{"line":29,"column":45}},"7":{"start":{"line":31,"column":6},"end":{"line":31,"column":19}},"8":{"start":{"line":35,"column":19},"end":{"line":35,"column":38}},"9":{"start":{"line":38,"column":28},"end":{"line":38,"column":64}},"10":{"start":{"line":40,"column":16},"end":{"line":40,"column":76}},"11":{"start":{"line":40,"column":30},"end":{"line":40,"column":76}},"12":{"start":{"line":41,"column":17},"end":{"line":41,"column":51}},"13":{"start":{"line":41,"column":23},"end":{"line":41,"column":51}},"14":{"start":{"line":42,"column":23},"end":{"line":42,"column":87}},"15":{"start":{"line":42,"column":35},"end":{"line":42,"column":87}},"16":{"start":{"line":43,"column":26},"end":{"line":43,"column":107}},"17":{"start":{"line":43,"column":35},"end":{"line":43,"column":107}},"18":{"start":{"line":45,"column":2},"end":{"line":49,"column":4}},"19":{"start":{"line":54,"column":14},"end":{"line":54,"column":36}},"20":{"start":{"line":55,"column":2},"end":{"line":55,"column":79}},"21":{"start":{"line":55,"column":12},"end":{"line":55,"column":79}},"22":{"start":{"line":56,"column":2},"end":{"line":56,"column":13}}},"fnMap":{"0":{"name":"appReducer","decl":{"start":{"line":18,"column":9},"end":{"line":18,"column":19}},"loc":{"start":{"line":18,"column":35},"end":{"line":33,"column":1}},"line":18},"1":{"name":"AppProvider","decl":{"start":{"line":37,"column":16},"end":{"line":37,"column":27}},"loc":{"start":{"line":37,"column":42},"end":{"line":50,"column":1}},"line":37},"2":{"name":"(anonymous_2)","decl":{"start":{"line":40,"column":16},"end":{"line":40,"column":17}},"loc":{"start":{"line":40,"column":30},"end":{"line":40,"column":76}},"line":40},"3":{"name":"(anonymous_3)","decl":{"start":{"line":41,"column":17},"end":{"line":41,"column":18}},"loc":{"start":{"line":41,"column":23},"end":{"line":41,"column":51}},"line":41},"4":{"name":"(anonymous_4)","decl":{"start":{"line":42,"column":23},"end":{"line":42,"column":24}},"loc":{"start":{"line":42,"column":35},"end":{"line":42,"column":87}},"line":42},"5":{"name":"(anonymous_5)","decl":{"start":{"line":43,"column":26},"end":{"line":43,"column":27}},"loc":{"start":{"line":43,"column":35},"end":{"line":43,"column":107}},"line":43},"6":{"name":"useAppContext","decl":{"start":{"line":53,"column":16},"end":{"line":53,"column":29}},"loc":{"start":{"line":53,"column":32},"end":{"line":57,"column":1}},"line":53}},"branchMap":{"0":{"loc":{"start":{"line":19,"column":2},"end":{"line":32,"column":3}},"type":"switch","locations":[{"start":{"line":20,"column":4},"end":{"line":21,"column":71}},{"start":{"line":22,"column":4},"end":{"line":23,"column":33}},{"start":{"line":24,"column":4},"end":{"line":25,"column":55}},{"start":{"line":26,"column":4},"end":{"line":27,"column":83}},{"start":{"line":28,"column":4},"end":{"line":29,"column":45}},{"start":{"line":30,"column":4},"end":{"line":31,"column":19}}],"line":19},"1":{"loc":{"start":{"line":55,"column":2},"end":{"line":55,"column":79}},"type":"if","locations":[{"start":{"line":55,"column":2},"end":{"line":55,"column":79}},{"start":{},"end":{}}],"line":55}},"s":{"0":0,"1":0,"2":0,"3":0,"4":0,"5":0,"6":0,"7":0,"8":0,"9":0,"10":0,"11":0,"12":0,"13":0,"14":0,"15":0,"16":0,"17":0,"18":0,"19":0,"20":0,"21":0,"22":0},"f":{"0":0,"1":0,"2":0,"3":0,"4":0,"5":0,"6":0},"b":{"0":[0,0,0,0,0,0],"1":[0,0]}}
,"D:\\arlet\\Downloads\\greenbite\\frontend\\src\\hooks\\useSubscription.js": {"path":"D:\\arlet\\Downloads\\greenbite\\frontend\\src\\hooks\\useSubscription.js","statementMap":{"0":{"start":{"line":14,"column":42},"end":{"line":14,"column":56}},"1":{"start":{"line":15,"column":32},"end":{"line":15,"column":47}},"2":{"start":{"line":16,"column":28},"end":{"line":16,"column":42}},"3":{"start":{"line":18,"column":28},"end":{"line":30,"column":14}},"4":{"start":{"line":19,"column":4},"end":{"line":19,"column":24}},"5":{"start":{"line":19,"column":17},"end":{"line":19,"column":24}},"6":{"start":{"line":20,"column":4},"end":{"line":20,"column":21}},"7":{"start":{"line":21,"column":4},"end":{"line":21,"column":19}},"8":{"start":{"line":22,"column":4},"end":{"line":29,"column":5}},"9":{"start":{"line":23,"column":19},"end":{"line":23,"column":64}},"10":{"start":{"line":24,"column":6},"end":{"line":24,"column":28}},"11":{"start":{"line":26,"column":6},"end":{"line":26,"column":62}},"12":{"start":{"line":28,"column":6},"end":{"line":28,"column":24}},"13":{"start":{"line":32,"column":2},"end":{"line":34,"column":26}},"14":{"start":{"line":33,"column":4},"end":{"line":33,"column":24}},"15":{"start":{"line":36,"column":28},"end":{"line":43,"column":3}},"16":{"start":{"line":37,"column":4},"end":{"line":42,"column":5}},"17":{"start":{"line":38,"column":22},"end":{"line":38,"column":57}},"18":{"start":{"line":39,"column":6},"end":{"line":39,"column":31}},"19":{"start":{"line":41,"column":6},"end":{"line":41,"column":28}},"20":{"start":{"line":45,"column":29},"end":{"line":52,"column":3}},"21":{"start":{"line":46,"column":4},"end":{"line":51,"column":5}},"22":{"start":{"line":47,"column":6},"end":{"line":47,"column":43}},"23":{"start":{"line":48,"column":6},"end":{"line":48,"column":28}},"24":{"start":{"line":50,"column":6},"end":{"line":50,"column":28}},"25":{"start":{"line":54,"column":2},"end":{"line":54,"column":109}}},"fnMap":{"0":{"name":"useSubscription","decl":{"start":{"line":13,"column":16},"end":{"line":13,"column":31}},"loc":{"start":{"line":13,"column":40},"end":{"line":55,"column":1}},"line":13},"1":{"name":"(anonymous_1)","decl":{"start":{"line":18,"column":40},"end":{"line":18,"column":41}},"loc":{"start":{"line":18,"column":52},"end":{"line":30,"column":3}},"line":18},"2":{"name":"(anonymous_2)","decl":{"start":{"line":32,"column":12},"end":{"line":32,"column":13}},"loc":{"start":{"line":32,"column":18},"end":{"line":34,"column":3}},"line":32},"3":{"name":"(anonymous_3)","decl":{"start":{"line":36,"column":28},"end":{"line":36,"column":29}},"loc":{"start":{"line":36,"column":42},"end":{"line":43,"column":3}},"line":36},"4":{"name":"(anonymous_4)","decl":{"start":{"line":45,"column":29},"end":{"line":45,"column":30}},"loc":{"start":{"line":45,"column":43},"end":{"line":52,"column":3}},"line":45}},"branchMap":{"0":{"loc":{"start":{"line":19,"column":4},"end":{"line":19,"column":24}},"type":"if","locations":[{"start":{"line":19,"column":4},"end":{"line":19,"column":24}},{"start":{},"end":{}}],"line":19},"1":{"loc":{"start":{"line":26,"column":15},"end":{"line":26,"column":60}},"type":"binary-expr","locations":[{"start":{"line":26,"column":15},"end":{"line":26,"column":26}},{"start":{"line":26,"column":30},"end":{"line":26,"column":60}}],"line":26}},"s":{"0":0,"1":0,"2":0,"3":0,"4":0,"5":0,"6":0,"7":0,"8":0,"9":0,"10":0,"11":0,"12":0,"13":0,"14":0,"15":0,"16":0,"17":0,"18":0,"19":0,"20":0,"21":0,"22":0,"23":0,"24":0,"25":0},"f":{"0":0,"1":0,"2":0,"3":0,"4":0},"b":{"0":[0,0],"1":[0,0]}}
,"D:\\arlet\\Downloads\\greenbite\\frontend\\src\\services\\subscriptionService.js": {"path":"D:\\arlet\\Downloads\\greenbite\\frontend\\src\\services\\subscriptionService.js","statementMap":{"0":{"start":{"line":4,"column":16},"end":{"line":4,"column":76}},"1":{"start":{"line":6,"column":12},"end":{"line":9,"column":2}},"2":{"start":{"line":12,"column":0},"end":{"line":16,"column":3}},"3":{"start":{"line":13,"column":16},"end":{"line":13,"column":48}},"4":{"start":{"line":14,"column":2},"end":{"line":14,"column":62}},"5":{"start":{"line":14,"column":13},"end":{"line":14,"column":62}},"6":{"start":{"line":15,"column":2},"end":{"line":15,"column":16}},"7":{"start":{"line":18,"column":35},"end":{"line":23,"column":1}},"8":{"start":{"line":19,"column":27},"end":{"line":19,"column":90}},"9":{"start":{"line":19,"column":83},"end":{"line":19,"column":89}},"10":{"start":{"line":20,"column":17},"end":{"line":20,"column":77}},"11":{"start":{"line":20,"column":70},"end":{"line":20,"column":76}},"12":{"start":{"line":21,"column":18},"end":{"line":21,"column":72}},"13":{"start":{"line":21,"column":65},"end":{"line":21,"column":71}},"14":{"start":{"line":22,"column":23},"end":{"line":22,"column":78}},"15":{"start":{"line":22,"column":71},"end":{"line":22,"column":77}},"16":{"start":{"line":25,"column":30},"end":{"line":27,"column":1}},"17":{"start":{"line":26,"column":27},"end":{"line":26,"column":84}},"18":{"start":{"line":26,"column":77},"end":{"line":26,"column":83}},"19":{"start":{"line":29,"column":34},"end":{"line":32,"column":1}},"20":{"start":{"line":30,"column":26},"end":{"line":30,"column":79}},"21":{"start":{"line":30,"column":72},"end":{"line":30,"column":78}},"22":{"start":{"line":31,"column":30},"end":{"line":31,"column":104}},"23":{"start":{"line":31,"column":97},"end":{"line":31,"column":103}}},"fnMap":{"0":{"name":"(anonymous_0)","decl":{"start":{"line":12,"column":29},"end":{"line":12,"column":30}},"loc":{"start":{"line":12,"column":41},"end":{"line":16,"column":1}},"line":12},"1":{"name":"(anonymous_1)","decl":{"start":{"line":19,"column":15},"end":{"line":19,"column":16}},"loc":{"start":{"line":19,"column":27},"end":{"line":19,"column":90}},"line":19},"2":{"name":"(anonymous_2)","decl":{"start":{"line":19,"column":76},"end":{"line":19,"column":77}},"loc":{"start":{"line":19,"column":83},"end":{"line":19,"column":89}},"line":19},"3":{"name":"(anonymous_3)","decl":{"start":{"line":20,"column":9},"end":{"line":20,"column":10}},"loc":{"start":{"line":20,"column":17},"end":{"line":20,"column":77}},"line":20},"4":{"name":"(anonymous_4)","decl":{"start":{"line":20,"column":63},"end":{"line":20,"column":64}},"loc":{"start":{"line":20,"column":70},"end":{"line":20,"column":76}},"line":20},"5":{"name":"(anonymous_5)","decl":{"start":{"line":21,"column":10},"end":{"line":21,"column":11}},"loc":{"start":{"line":21,"column":18},"end":{"line":21,"column":72}},"line":21},"6":{"name":"(anonymous_6)","decl":{"start":{"line":21,"column":58},"end":{"line":21,"column":59}},"loc":{"start":{"line":21,"column":65},"end":{"line":21,"column":71}},"line":21},"7":{"name":"(anonymous_7)","decl":{"start":{"line":22,"column":10},"end":{"line":22,"column":11}},"loc":{"start":{"line":22,"column":23},"end":{"line":22,"column":78}},"line":22},"8":{"name":"(anonymous_8)","decl":{"start":{"line":22,"column":64},"end":{"line":22,"column":65}},"loc":{"start":{"line":22,"column":71},"end":{"line":22,"column":77}},"line":22},"9":{"name":"(anonymous_9)","decl":{"start":{"line":26,"column":15},"end":{"line":26,"column":16}},"loc":{"start":{"line":26,"column":27},"end":{"line":26,"column":84}},"line":26},"10":{"name":"(anonymous_10)","decl":{"start":{"line":26,"column":70},"end":{"line":26,"column":71}},"loc":{"start":{"line":26,"column":77},"end":{"line":26,"column":83}},"line":26},"11":{"name":"(anonymous_11)","decl":{"start":{"line":30,"column":14},"end":{"line":30,"column":15}},"loc":{"start":{"line":30,"column":26},"end":{"line":30,"column":79}},"line":30},"12":{"name":"(anonymous_12)","decl":{"start":{"line":30,"column":65},"end":{"line":30,"column":66}},"loc":{"start":{"line":30,"column":72},"end":{"line":30,"column":78}},"line":30},"13":{"name":"(anonymous_13)","decl":{"start":{"line":31,"column":10},"end":{"line":31,"column":11}},"loc":{"start":{"line":31,"column":30},"end":{"line":31,"column":104}},"line":31},"14":{"name":"(anonymous_14)","decl":{"start":{"line":31,"column":90},"end":{"line":31,"column":91}},"loc":{"start":{"line":31,"column":97},"end":{"line":31,"column":103}},"line":31}},"branchMap":{"0":{"loc":{"start":{"line":4,"column":16},"end":{"line":4,"column":76}},"type":"binary-expr","locations":[{"start":{"line":4,"column":16},"end":{"line":4,"column":45}},{"start":{"line":4,"column":49},"end":{"line":4,"column":76}}],"line":4},"1":{"loc":{"start":{"line":14,"column":2},"end":{"line":14,"column":62}},"type":"if","locations":[{"start":{"line":14,"column":2},"end":{"line":14,"column":62}},{"start":{},"end":{}}],"line":14}},"s":{"0":0,"1":0,"2":0,"3":0,"4":0,"5":0,"6":0,"7":0,"8":0,"9":0,"10":0,"11":0,"12":0,"13":0,"14":0,"15":0,"16":0,"17":0,"18":0,"19":0,"20":0,"21":0,"22":0,"23":0},"f":{"0":0,"1":0,"2":0,"3":0,"4":0,"5":0,"6":0,"7":0,"8":0,"9":0,"10":0,"11":0,"12":0,"13":0,"14":0},"b":{"0":[0,0],"1":[0,0]}}
}
